Cocos Service 2021/12/16下午8:28:41 NewProject_1	copy file "/Users/zhouyueyang/.CocosCreator/services/analytics/resources/js/cocosAnalytics.min.2.2.1.js to "/Users/zhouyueyang/Documents/WXGame/NewProject_1/build/wechatgame/ccAnalytics.min.js"

Cocos Service 2021/12/16下午8:28:41 NewProject_1	insert code "require("ccAnalytics.min.js"); to "/Users/zhouyueyang/Documents/WXGame/NewProject_1/build/wechatgame/game.js" in line 17

Cocos Service 2021/12/16下午8:34:28 NewProject_1	delete file from"/Users/zhouyueyang/Documents/WXGame/NewProject_1/build/wechatgame/frameworks/runtime-src/proj.android-studio/app/src/org/cocos2dx/javascript/service/ServiceAnalytics.java"

Cocos Service 2021/12/16下午8:34:28 NewProject_1	delete file from"/Users/zhouyueyang/Documents/WXGame/NewProject_1/build/wechatgame/frameworks/runtime-src/proj.android-studio/app/libs/libcocosanalytics.jar"

Cocos Service 2021/12/16下午8:34:28 NewProject_1	delete file from"/Users/zhouyueyang/Documents/WXGame/NewProject_1/build/wechatgame/frameworks/runtime-src/proj.android-studio/game/src/org/cocos2dx/javascript/service/ServiceAnalytics.java"

Cocos Service 2021/12/16下午8:34:28 NewProject_1	delete file from"/Users/zhouyueyang/Documents/WXGame/NewProject_1/build/wechatgame/frameworks/runtime-src/proj.android-studio/game/libs/libcocosanalytics.jar"

Cocos Service 2021/12/16下午8:37:06 NewProject_1	delete file from"/Users/zhouyueyang/Documents/WXGame/NewProject_1/build/wechatgame/frameworks/runtime-src/proj.android-studio/app/src/org/cocos2dx/javascript/service/ServiceAnalytics.java"

Cocos Service 2021/12/16下午8:37:06 NewProject_1	delete file from"/Users/zhouyueyang/Documents/WXGame/NewProject_1/build/wechatgame/frameworks/runtime-src/proj.android-studio/app/libs/libcocosanalytics.jar"

Cocos Service 2021/12/16下午8:37:06 NewProject_1	delete file from"/Users/zhouyueyang/Documents/WXGame/NewProject_1/build/wechatgame/frameworks/runtime-src/proj.android-studio/game/src/org/cocos2dx/javascript/service/ServiceAnalytics.java"

Cocos Service 2021/12/16下午8:37:06 NewProject_1	delete file from"/Users/zhouyueyang/Documents/WXGame/NewProject_1/build/wechatgame/frameworks/runtime-src/proj.android-studio/game/libs/libcocosanalytics.jar"

Cocos Service 2021/12/16下午8:37:50 NewProject_1	delete file from"/Users/zhouyueyang/Documents/WXGame/NewProject_1/build/wechatgame/frameworks/runtime-src/proj.android-studio/app/src/org/cocos2dx/javascript/service/ServiceAnalytics.java"

Cocos Service 2021/12/16下午8:37:50 NewProject_1	delete file from"/Users/zhouyueyang/Documents/WXGame/NewProject_1/build/wechatgame/frameworks/runtime-src/proj.android-studio/app/libs/libcocosanalytics.jar"

Cocos Service 2021/12/16下午8:37:50 NewProject_1	delete file from"/Users/zhouyueyang/Documents/WXGame/NewProject_1/build/wechatgame/frameworks/runtime-src/proj.android-studio/game/src/org/cocos2dx/javascript/service/ServiceAnalytics.java"

Cocos Service 2021/12/16下午8:37:50 NewProject_1	delete file from"/Users/zhouyueyang/Documents/WXGame/NewProject_1/build/wechatgame/frameworks/runtime-src/proj.android-studio/game/libs/libcocosanalytics.jar"

Cocos Service 2021/12/16下午9:05:39 NewProject_1	delete file from"/Users/zhouyueyang/Documents/WXGame/NewProject_1/build/wechatgame/frameworks/runtime-src/proj.android-studio/app/src/org/cocos2dx/javascript/service/ServiceAnalytics.java"

Cocos Service 2021/12/16下午9:05:39 NewProject_1	delete file from"/Users/zhouyueyang/Documents/WXGame/NewProject_1/build/wechatgame/frameworks/runtime-src/proj.android-studio/app/libs/libcocosanalytics.jar"

Cocos Service 2021/12/16下午9:05:39 NewProject_1	delete file from"/Users/zhouyueyang/Documents/WXGame/NewProject_1/build/wechatgame/frameworks/runtime-src/proj.android-studio/game/src/org/cocos2dx/javascript/service/ServiceAnalytics.java"

Cocos Service 2021/12/16下午9:05:39 NewProject_1	delete file from"/Users/zhouyueyang/Documents/WXGame/NewProject_1/build/wechatgame/frameworks/runtime-src/proj.android-studio/game/libs/libcocosanalytics.jar"

Cocos Service 2021/12/17上午11:50:25 NewProject_1	delete file from"/Users/zhouyueyang/Documents/WXGame/NewProject_1/build/wechatgame/frameworks/runtime-src/proj.android-studio/app/src/org/cocos2dx/javascript/service/ServiceAnalytics.java"

Cocos Service 2021/12/17上午11:50:25 NewProject_1	delete file from"/Users/zhouyueyang/Documents/WXGame/NewProject_1/build/wechatgame/frameworks/runtime-src/proj.android-studio/app/libs/libcocosanalytics.jar"

Cocos Service 2021/12/17上午11:50:25 NewProject_1	delete file from"/Users/zhouyueyang/Documents/WXGame/NewProject_1/build/wechatgame/frameworks/runtime-src/proj.android-studio/game/src/org/cocos2dx/javascript/service/ServiceAnalytics.java"

Cocos Service 2021/12/17上午11:50:25 NewProject_1	delete file from"/Users/zhouyueyang/Documents/WXGame/NewProject_1/build/wechatgame/frameworks/runtime-src/proj.android-studio/game/libs/libcocosanalytics.jar"

Cocos Service 2021/12/17上午11:54:49 NewProject_1	delete file from"/Users/zhouyueyang/Documents/WXGame/NewProject_1/build/wechatgame/frameworks/runtime-src/proj.android-studio/app/src/org/cocos2dx/javascript/service/ServiceAnalytics.java"

Cocos Service 2021/12/17上午11:54:49 NewProject_1	delete file from"/Users/zhouyueyang/Documents/WXGame/NewProject_1/build/wechatgame/frameworks/runtime-src/proj.android-studio/app/libs/libcocosanalytics.jar"

Cocos Service 2021/12/17上午11:54:49 NewProject_1	delete file from"/Users/zhouyueyang/Documents/WXGame/NewProject_1/build/wechatgame/frameworks/runtime-src/proj.android-studio/game/src/org/cocos2dx/javascript/service/ServiceAnalytics.java"

Cocos Service 2021/12/17上午11:54:49 NewProject_1	delete file from"/Users/zhouyueyang/Documents/WXGame/NewProject_1/build/wechatgame/frameworks/runtime-src/proj.android-studio/game/libs/libcocosanalytics.jar"

Cocos Service 2021/12/17下午4:36:34 NewProject_1	delete file from"/Users/zhouyueyang/Documents/WXGame/NewProject_1/build/wechatgame/frameworks/runtime-src/proj.android-studio/app/src/org/cocos2dx/javascript/service/ServiceAnalytics.java"

Cocos Service 2021/12/17下午4:36:34 NewProject_1	delete file from"/Users/zhouyueyang/Documents/WXGame/NewProject_1/build/wechatgame/frameworks/runtime-src/proj.android-studio/app/libs/libcocosanalytics.jar"

Cocos Service 2021/12/17下午4:36:34 NewProject_1	delete file from"/Users/zhouyueyang/Documents/WXGame/NewProject_1/build/wechatgame/frameworks/runtime-src/proj.android-studio/game/src/org/cocos2dx/javascript/service/ServiceAnalytics.java"

Cocos Service 2021/12/17下午4:36:34 NewProject_1	delete file from"/Users/zhouyueyang/Documents/WXGame/NewProject_1/build/wechatgame/frameworks/runtime-src/proj.android-studio/game/libs/libcocosanalytics.jar"

Cocos Service 2021/12/17下午4:38:12 NewProject_1	delete file from"/Users/zhouyueyang/Documents/WXGame/NewProject_1/build/wechatgame/frameworks/runtime-src/proj.android-studio/app/src/org/cocos2dx/javascript/service/ServiceAnalytics.java"

Cocos Service 2021/12/17下午4:38:12 NewProject_1	delete file from"/Users/zhouyueyang/Documents/WXGame/NewProject_1/build/wechatgame/frameworks/runtime-src/proj.android-studio/app/libs/libcocosanalytics.jar"

Cocos Service 2021/12/17下午4:38:12 NewProject_1	delete file from"/Users/zhouyueyang/Documents/WXGame/NewProject_1/build/wechatgame/frameworks/runtime-src/proj.android-studio/game/src/org/cocos2dx/javascript/service/ServiceAnalytics.java"

Cocos Service 2021/12/17下午4:38:12 NewProject_1	delete file from"/Users/zhouyueyang/Documents/WXGame/NewProject_1/build/wechatgame/frameworks/runtime-src/proj.android-studio/game/libs/libcocosanalytics.jar"

Cocos Service 2021/12/17下午4:58:13 NewProject_1	delete file from"/Users/zhouyueyang/Documents/WXGame/NewProject_1/build/wechatgame/frameworks/runtime-src/proj.android-studio/app/src/org/cocos2dx/javascript/service/ServiceAnalytics.java"

Cocos Service 2021/12/17下午4:58:13 NewProject_1	delete file from"/Users/zhouyueyang/Documents/WXGame/NewProject_1/build/wechatgame/frameworks/runtime-src/proj.android-studio/app/libs/libcocosanalytics.jar"

Cocos Service 2021/12/17下午4:58:13 NewProject_1	delete file from"/Users/zhouyueyang/Documents/WXGame/NewProject_1/build/wechatgame/frameworks/runtime-src/proj.android-studio/game/src/org/cocos2dx/javascript/service/ServiceAnalytics.java"

Cocos Service 2021/12/17下午4:58:13 NewProject_1	delete file from"/Users/zhouyueyang/Documents/WXGame/NewProject_1/build/wechatgame/frameworks/runtime-src/proj.android-studio/game/libs/libcocosanalytics.jar"

Cocos Service 2021/12/17下午4:59:24 NewProject_1	delete file from"/Users/zhouyueyang/Documents/WXGame/NewProject_1/build/wechatgame/frameworks/runtime-src/proj.android-studio/app/src/org/cocos2dx/javascript/service/ServiceAnalytics.java"

Cocos Service 2021/12/17下午4:59:24 NewProject_1	delete file from"/Users/zhouyueyang/Documents/WXGame/NewProject_1/build/wechatgame/frameworks/runtime-src/proj.android-studio/app/libs/libcocosanalytics.jar"

Cocos Service 2021/12/17下午4:59:24 NewProject_1	delete file from"/Users/zhouyueyang/Documents/WXGame/NewProject_1/build/wechatgame/frameworks/runtime-src/proj.android-studio/game/src/org/cocos2dx/javascript/service/ServiceAnalytics.java"

Cocos Service 2021/12/17下午4:59:24 NewProject_1	delete file from"/Users/zhouyueyang/Documents/WXGame/NewProject_1/build/wechatgame/frameworks/runtime-src/proj.android-studio/game/libs/libcocosanalytics.jar"

Cocos Service 2021/12/17下午5:11:31 NewProject_1	delete file from"/Users/zhouyueyang/Documents/WXGame/NewProject_1/build/wechatgame/frameworks/runtime-src/proj.android-studio/app/src/org/cocos2dx/javascript/service/ServiceAnalytics.java"

Cocos Service 2021/12/17下午5:11:31 NewProject_1	delete file from"/Users/zhouyueyang/Documents/WXGame/NewProject_1/build/wechatgame/frameworks/runtime-src/proj.android-studio/app/libs/libcocosanalytics.jar"

Cocos Service 2021/12/17下午5:11:31 NewProject_1	delete file from"/Users/zhouyueyang/Documents/WXGame/NewProject_1/build/wechatgame/frameworks/runtime-src/proj.android-studio/game/src/org/cocos2dx/javascript/service/ServiceAnalytics.java"

Cocos Service 2021/12/17下午5:11:31 NewProject_1	delete file from"/Users/zhouyueyang/Documents/WXGame/NewProject_1/build/wechatgame/frameworks/runtime-src/proj.android-studio/game/libs/libcocosanalytics.jar"

Cocos Service 2021/12/17下午5:26:41 NewProject_1	delete file from"/Users/zhouyueyang/Documents/WXGame/NewProject_1/build/wechatgame/frameworks/runtime-src/proj.android-studio/app/src/org/cocos2dx/javascript/service/ServiceAnalytics.java"

Cocos Service 2021/12/17下午5:26:41 NewProject_1	delete file from"/Users/zhouyueyang/Documents/WXGame/NewProject_1/build/wechatgame/frameworks/runtime-src/proj.android-studio/app/libs/libcocosanalytics.jar"

Cocos Service 2021/12/17下午5:26:41 NewProject_1	delete file from"/Users/zhouyueyang/Documents/WXGame/NewProject_1/build/wechatgame/frameworks/runtime-src/proj.android-studio/game/src/org/cocos2dx/javascript/service/ServiceAnalytics.java"

Cocos Service 2021/12/17下午5:26:41 NewProject_1	delete file from"/Users/zhouyueyang/Documents/WXGame/NewProject_1/build/wechatgame/frameworks/runtime-src/proj.android-studio/game/libs/libcocosanalytics.jar"

Cocos Service 2021/12/20下午5:22:24 NewProject_1	delete file from"/Users/zhouyueyang/Documents/WXGame/NewProject_1/build/wechatgame/frameworks/runtime-src/proj.android-studio/app/src/org/cocos2dx/javascript/service/ServiceAnalytics.java"

Cocos Service 2021/12/20下午5:22:24 NewProject_1	delete file from"/Users/zhouyueyang/Documents/WXGame/NewProject_1/build/wechatgame/frameworks/runtime-src/proj.android-studio/app/libs/libcocosanalytics.jar"

Cocos Service 2021/12/20下午5:22:24 NewProject_1	delete file from"/Users/zhouyueyang/Documents/WXGame/NewProject_1/build/wechatgame/frameworks/runtime-src/proj.android-studio/game/src/org/cocos2dx/javascript/service/ServiceAnalytics.java"

Cocos Service 2021/12/20下午5:22:24 NewProject_1	delete file from"/Users/zhouyueyang/Documents/WXGame/NewProject_1/build/wechatgame/frameworks/runtime-src/proj.android-studio/game/libs/libcocosanalytics.jar"

Cocos Service 2021/12/21下午1:13:02 NewProject_1	delete file from"/Users/zhouyueyang/Documents/WXGame/NewProject_1/build/wechatgame/frameworks/runtime-src/proj.android-studio/app/src/org/cocos2dx/javascript/service/ServiceAnalytics.java"

Cocos Service 2021/12/21下午1:13:02 NewProject_1	delete file from"/Users/zhouyueyang/Documents/WXGame/NewProject_1/build/wechatgame/frameworks/runtime-src/proj.android-studio/app/libs/libcocosanalytics.jar"

Cocos Service 2021/12/21下午1:13:02 NewProject_1	delete file from"/Users/zhouyueyang/Documents/WXGame/NewProject_1/build/wechatgame/frameworks/runtime-src/proj.android-studio/game/src/org/cocos2dx/javascript/service/ServiceAnalytics.java"

Cocos Service 2021/12/21下午1:13:02 NewProject_1	delete file from"/Users/zhouyueyang/Documents/WXGame/NewProject_1/build/wechatgame/frameworks/runtime-src/proj.android-studio/game/libs/libcocosanalytics.jar"

Cocos Service 2021/12/21下午1:22:20 NewProject_1	delete file from"/Users/zhouyueyang/Documents/WXGame/NewProject_1/build/wechatgame/frameworks/runtime-src/proj.android-studio/app/src/org/cocos2dx/javascript/service/ServiceAnalytics.java"

Cocos Service 2021/12/21下午1:22:20 NewProject_1	delete file from"/Users/zhouyueyang/Documents/WXGame/NewProject_1/build/wechatgame/frameworks/runtime-src/proj.android-studio/app/libs/libcocosanalytics.jar"

Cocos Service 2021/12/21下午1:22:20 NewProject_1	delete file from"/Users/zhouyueyang/Documents/WXGame/NewProject_1/build/wechatgame/frameworks/runtime-src/proj.android-studio/game/src/org/cocos2dx/javascript/service/ServiceAnalytics.java"

Cocos Service 2021/12/21下午1:22:20 NewProject_1	delete file from"/Users/zhouyueyang/Documents/WXGame/NewProject_1/build/wechatgame/frameworks/runtime-src/proj.android-studio/game/libs/libcocosanalytics.jar"

Cocos Service 2021/12/21下午1:44:22 NewProject_1	delete file from"/Users/zhouyueyang/Documents/WXGame/NewProject_1/build/wechatgame/frameworks/runtime-src/proj.android-studio/app/src/org/cocos2dx/javascript/service/ServiceAnalytics.java"

Cocos Service 2021/12/21下午1:44:22 NewProject_1	delete file from"/Users/zhouyueyang/Documents/WXGame/NewProject_1/build/wechatgame/frameworks/runtime-src/proj.android-studio/app/libs/libcocosanalytics.jar"

Cocos Service 2021/12/21下午1:44:22 NewProject_1	delete file from"/Users/zhouyueyang/Documents/WXGame/NewProject_1/build/wechatgame/frameworks/runtime-src/proj.android-studio/game/src/org/cocos2dx/javascript/service/ServiceAnalytics.java"

Cocos Service 2021/12/21下午1:44:22 NewProject_1	delete file from"/Users/zhouyueyang/Documents/WXGame/NewProject_1/build/wechatgame/frameworks/runtime-src/proj.android-studio/game/libs/libcocosanalytics.jar"

Cocos Service 2021/12/21下午1:58:06 NewProject_1	delete file from"/Users/zhouyueyang/Documents/WXGame/NewProject_1/build/wechatgame/frameworks/runtime-src/proj.android-studio/app/src/org/cocos2dx/javascript/service/ServiceAnalytics.java"

Cocos Service 2021/12/21下午1:58:06 NewProject_1	delete file from"/Users/zhouyueyang/Documents/WXGame/NewProject_1/build/wechatgame/frameworks/runtime-src/proj.android-studio/app/libs/libcocosanalytics.jar"

Cocos Service 2021/12/21下午1:58:06 NewProject_1	delete file from"/Users/zhouyueyang/Documents/WXGame/NewProject_1/build/wechatgame/frameworks/runtime-src/proj.android-studio/game/src/org/cocos2dx/javascript/service/ServiceAnalytics.java"

Cocos Service 2021/12/21下午1:58:06 NewProject_1	delete file from"/Users/zhouyueyang/Documents/WXGame/NewProject_1/build/wechatgame/frameworks/runtime-src/proj.android-studio/game/libs/libcocosanalytics.jar"

Cocos Service 2021/12/28上午10:37:15 NewProject_1	delete file from"/Users/zhouyueyang/Documents/WXGame/NewProject_1/build/wechatgame/frameworks/runtime-src/proj.android-studio/app/src/org/cocos2dx/javascript/service/ServiceAnalytics.java"

Cocos Service 2021/12/28上午10:37:15 NewProject_1	delete file from"/Users/zhouyueyang/Documents/WXGame/NewProject_1/build/wechatgame/frameworks/runtime-src/proj.android-studio/app/libs/libcocosanalytics.jar"

Cocos Service 2021/12/28上午10:37:15 NewProject_1	delete file from"/Users/zhouyueyang/Documents/WXGame/NewProject_1/build/wechatgame/frameworks/runtime-src/proj.android-studio/game/src/org/cocos2dx/javascript/service/ServiceAnalytics.java"

Cocos Service 2021/12/28上午10:37:15 NewProject_1	delete file from"/Users/zhouyueyang/Documents/WXGame/NewProject_1/build/wechatgame/frameworks/runtime-src/proj.android-studio/game/libs/libcocosanalytics.jar"

Cocos Service 2022/1/6下午12:19:13 NewProject_1	delete file from"/Users/zhouyueyang/Documents/WXGame/NewProject_1/build/wechatgame/frameworks/runtime-src/proj.android-studio/app/src/org/cocos2dx/javascript/service/ServiceAnalytics.java"

Cocos Service 2022/1/6下午12:19:13 NewProject_1	delete file from"/Users/zhouyueyang/Documents/WXGame/NewProject_1/build/wechatgame/frameworks/runtime-src/proj.android-studio/app/libs/libcocosanalytics.jar"

Cocos Service 2022/1/6下午12:19:13 NewProject_1	delete file from"/Users/zhouyueyang/Documents/WXGame/NewProject_1/build/wechatgame/frameworks/runtime-src/proj.android-studio/game/src/org/cocos2dx/javascript/service/ServiceAnalytics.java"

Cocos Service 2022/1/6下午12:19:13 NewProject_1	delete file from"/Users/zhouyueyang/Documents/WXGame/NewProject_1/build/wechatgame/frameworks/runtime-src/proj.android-studio/game/libs/libcocosanalytics.jar"

Cocos Service 2022/1/6下午12:27:13 NewProject_1	delete file from"/Users/zhouyueyang/Documents/WXGame/NewProject_1/build/wechatgame/frameworks/runtime-src/proj.android-studio/app/src/org/cocos2dx/javascript/service/ServiceAnalytics.java"

Cocos Service 2022/1/6下午12:27:13 NewProject_1	delete file from"/Users/zhouyueyang/Documents/WXGame/NewProject_1/build/wechatgame/frameworks/runtime-src/proj.android-studio/app/libs/libcocosanalytics.jar"

Cocos Service 2022/1/6下午12:27:13 NewProject_1	delete file from"/Users/zhouyueyang/Documents/WXGame/NewProject_1/build/wechatgame/frameworks/runtime-src/proj.android-studio/game/src/org/cocos2dx/javascript/service/ServiceAnalytics.java"

Cocos Service 2022/1/6下午12:27:13 NewProject_1	delete file from"/Users/zhouyueyang/Documents/WXGame/NewProject_1/build/wechatgame/frameworks/runtime-src/proj.android-studio/game/libs/libcocosanalytics.jar"

